[[1;34mINFO[m] Scanning for projects...
[[1;34mINFO[m] 
[[1;34mINFO[m] [1m---------------< [0;36mcom.swifteats:tracking-ingest-service[0;1m >----------------[m
[[1;34mINFO[m] [1mBuilding tracking-ingest-service 0.1.0-SNAPSHOT[m
[[1;34mINFO[m] [1m--------------------------------[ jar ]---------------------------------[m
[[1;34mINFO[m] 
[[1;34mINFO[m] [1m>>> [0;32mspring-boot-maven-plugin:3.5.2:run[m [1m(default-cli)[0;1m > [0;1mtest-compile[m @ [36mtracking-ingest-service[0;1m >>>[m
[[1;34mINFO[m] 
[[1;34mINFO[m] [1m--- [0;32mmaven-resources-plugin:2.6:resources[m [1m(default-resources)[m @ [36mtracking-ingest-service[0;1m ---[m
[[1;34mINFO[m] Using 'UTF-8' encoding to copy filtered resources.
[[1;34mINFO[m] Copying 1 resource
[[1;34mINFO[m] 
[[1;34mINFO[m] [1m--- [0;32mmaven-compiler-plugin:3.10.1:compile[m [1m(default-compile)[m @ [36mtracking-ingest-service[0;1m ---[m
[[1;34mINFO[m] Nothing to compile - all classes are up to date
[[1;34mINFO[m] 
[[1;34mINFO[m] [1m--- [0;32mmaven-resources-plugin:2.6:testResources[m [1m(default-testResources)[m @ [36mtracking-ingest-service[0;1m ---[m
[[1;34mINFO[m] Using 'UTF-8' encoding to copy filtered resources.
[[1;34mINFO[m] skip non existing resourceDirectory /Users/deependraverma/Documents/Projects/AI/swifteats-delivery-service-new/tracking-ingest-service/src/test/resources
[[1;34mINFO[m] 
[[1;34mINFO[m] [1m--- [0;32mmaven-compiler-plugin:3.10.1:testCompile[m [1m(default-testCompile)[m @ [36mtracking-ingest-service[0;1m ---[m
[[1;34mINFO[m] Changes detected - recompiling the module!
[[1;34mINFO[m] Compiling 5 source files to /Users/deependraverma/Documents/Projects/AI/swifteats-delivery-service-new/tracking-ingest-service/target/test-classes
[[1;34mINFO[m] /Users/deependraverma/Documents/Projects/AI/swifteats-delivery-service-new/tracking-ingest-service/src/test/java/com/swifteats/tracking/ingest/HttpSimulatorE2ETest.java: Some input files use or override a deprecated API.
[[1;34mINFO[m] /Users/deependraverma/Documents/Projects/AI/swifteats-delivery-service-new/tracking-ingest-service/src/test/java/com/swifteats/tracking/ingest/HttpSimulatorE2ETest.java: Recompile with -Xlint:deprecation for details.
[[1;34mINFO[m] /Users/deependraverma/Documents/Projects/AI/swifteats-delivery-service-new/tracking-ingest-service/src/test/java/com/swifteats/tracking/ingest/HttpSimulatorE2ETest.java: Some input files use or override a deprecated API that is marked for removal.
[[1;34mINFO[m] /Users/deependraverma/Documents/Projects/AI/swifteats-delivery-service-new/tracking-ingest-service/src/test/java/com/swifteats/tracking/ingest/HttpSimulatorE2ETest.java: Recompile with -Xlint:removal for details.
[[1;34mINFO[m] 
[[1;34mINFO[m] [1m<<< [0;32mspring-boot-maven-plugin:3.5.2:run[m [1m(default-cli)[0;1m < [0;1mtest-compile[m @ [36mtracking-ingest-service[0;1m <<<[m
[[1;34mINFO[m] 
[[1;34mINFO[m] 
[[1;34mINFO[m] [1m--- [0;32mspring-boot-maven-plugin:3.5.2:run[m [1m(default-cli)[m @ [36mtracking-ingest-service[0;1m ---[m
[[1;34mINFO[m] Attaching agents: []

  .   ____          _            __ _ _
 /\\ / ___'_ __ _ _(_)_ __  __ _ \ \ \ \
( ( )\___ | '_ | '_| | '_ \/ _` | \ \ \ \
 \\/  ___)| |_)| | | | | || (_| |  ) ) ) )
  '  |____| .__|_| |_|_| |_\__, | / / / /
 =========|_|==============|___/=/_/_/_/

 :: Spring Boot ::                (v3.5.2)

2025-08-18T21:11:10.080+05:30  INFO 91191 --- [tracking-ingest-service] [           main] c.s.t.ingest.TrackingIngestApplication   : Starting TrackingIngestApplication using Java 21.0.3 with PID 91191 (/Users/deependraverma/Documents/Projects/AI/swifteats-delivery-service-new/tracking-ingest-service/target/classes started by deependraverma in /Users/deependraverma/Documents/Projects/AI/swifteats-delivery-service-new/tracking-ingest-service)
2025-08-18T21:11:10.081+05:30  INFO 91191 --- [tracking-ingest-service] [           main] c.s.t.ingest.TrackingIngestApplication   : No active profile set, falling back to 1 default profile: "default"
2025-08-18T21:11:10.360+05:30  INFO 91191 --- [tracking-ingest-service] [           main] .s.d.r.c.RepositoryConfigurationDelegate : Multiple Spring Data modules found, entering strict repository configuration mode
2025-08-18T21:11:10.360+05:30  INFO 91191 --- [tracking-ingest-service] [           main] .s.d.r.c.RepositoryConfigurationDelegate : Bootstrapping Spring Data Redis repositories in DEFAULT mode.
2025-08-18T21:11:10.369+05:30  INFO 91191 --- [tracking-ingest-service] [           main] .s.d.r.c.RepositoryConfigurationDelegate : Finished Spring Data repository scanning in 3 ms. Found 0 Redis repository interfaces.
2025-08-18T21:11:10.506+05:30  INFO 91191 --- [tracking-ingest-service] [           main] o.s.b.w.embedded.tomcat.TomcatWebServer  : Tomcat initialized with port 8084 (http)
2025-08-18T21:11:10.510+05:30  INFO 91191 --- [tracking-ingest-service] [           main] o.apache.catalina.core.StandardService   : Starting service [Tomcat]
2025-08-18T21:11:10.510+05:30  INFO 91191 --- [tracking-ingest-service] [           main] o.apache.catalina.core.StandardEngine    : Starting Servlet engine: [Apache Tomcat/10.1.42]
2025-08-18T21:11:10.525+05:30  INFO 91191 --- [tracking-ingest-service] [           main] o.a.c.c.C.[Tomcat].[localhost].[/]       : Initializing Spring embedded WebApplicationContext
2025-08-18T21:11:10.526+05:30  INFO 91191 --- [tracking-ingest-service] [           main] w.s.c.ServletWebServerApplicationContext : Root WebApplicationContext: initialization completed in 431 ms
2025-08-18T21:11:10.907+05:30  INFO 91191 --- [tracking-ingest-service] [           main] o.s.b.a.e.web.EndpointLinksResolver      : Exposing 2 endpoints beneath base path '/actuator'
2025-08-18T21:11:10.931+05:30  INFO 91191 --- [tracking-ingest-service] [           main] o.s.b.w.embedded.tomcat.TomcatWebServer  : Tomcat started on port 8084 (http) with context path '/'
2025-08-18T21:11:10.938+05:30  INFO 91191 --- [tracking-ingest-service] [           main] c.s.t.ingest.TrackingIngestApplication   : Started TrackingIngestApplication in 0.991 seconds (process running for 1.098)
2025-08-18T21:11:11.519+05:30  INFO 91191 --- [tracking-ingest-service] [nio-8084-exec-1] o.a.c.c.C.[Tomcat].[localhost].[/]       : Initializing Spring DispatcherServlet 'dispatcherServlet'
2025-08-18T21:11:11.519+05:30  INFO 91191 --- [tracking-ingest-service] [nio-8084-exec-1] o.s.web.servlet.DispatcherServlet        : Initializing Servlet 'dispatcherServlet'
2025-08-18T21:11:11.520+05:30  INFO 91191 --- [tracking-ingest-service] [nio-8084-exec-1] o.s.web.servlet.DispatcherServlet        : Completed initialization in 1 ms
2025-08-18T22:32:50.556+05:30  INFO 91191 --- [tracking-ingest-service] [nio-8084-exec-8] o.s.a.r.c.CachingConnectionFactory       : Attempting to connect to: [localhost:5672]
2025-08-18T22:32:50.574+05:30  INFO 91191 --- [tracking-ingest-service] [nio-8084-exec-8] o.s.a.r.c.CachingConnectionFactory       : Created new connection: rabbitConnectionFactory#5a48da4f:0/SimpleConnection@13fdb6fd [delegate=amqp://guest@127.0.0.1:5672/, localPort=59532]
2025-08-18T22:32:50.585+05:30  INFO 91191 --- [tracking-ingest-service] [nio-8084-exec-8] c.s.t.i.controller.TrackingController    : Published driver location for driver-123 to exchange driver.location.v1
2025-08-18T22:32:50.587+05:30 ERROR 91191 --- [tracking-ingest-service] [ 127.0.0.1:5672] o.s.a.r.c.CachingConnectionFactory       : Shutdown Signal: channel error; protocol method: #method<channel.close>(reply-code=404, reply-text=NOT_FOUND - no exchange 'driver.location.v1' in vhost '/', class-id=60, method-id=40)
2025-08-19T01:13:03.813+05:30  INFO 91191 --- [tracking-ingest-service] [ionShutdownHook] o.s.b.w.e.tomcat.GracefulShutdown        : Commencing graceful shutdown. Waiting for active requests to complete
2025-08-19T01:13:03.820+05:30  INFO 91191 --- [tracking-ingest-service] [tomcat-shutdown] o.s.b.w.e.tomcat.GracefulShutdown        : Graceful shutdown complete
[[1;34mINFO[m] [1m------------------------------------------------------------------------[m
[[1;34mINFO[m] [1;31mBUILD FAILURE[m
[[1;34mINFO[m] [1m------------------------------------------------------------------------[m
[[1;34mINFO[m] Total time:  04:01 h
[[1;34mINFO[m] Finished at: 2025-08-19T01:13:03+05:30
[[1;34mINFO[m] [1m------------------------------------------------------------------------[m
[[1;31mERROR[m] Failed to execute goal [32morg.springframework.boot:spring-boot-maven-plugin:3.5.2:run[m [1m(default-cli)[m on project [36mtracking-ingest-service[m: [1;31mProcess terminated with exit code: 143[m -> [1m[Help 1][m
[[1;31mERROR[m] 
[[1;31mERROR[m] To see the full stack trace of the errors, re-run Maven with the [1m-e[m switch.
[[1;31mERROR[m] Re-run Maven using the [1m-X[m switch to enable full debug logging.
[[1;31mERROR[m] 
[[1;31mERROR[m] For more information about the errors and possible solutions, please read the following articles:
[[1;31mERROR[m] [1m[Help 1][m http://cwiki.apache.org/confluence/display/MAVEN/MojoExecutionException
